# JRE version: Java(TM) SE Runtime Environment (21.0.9+7) (build 21.0.9+7-LTS-338)
# Java VM: Java HotSpot(TM) 64-Bit Server VM (21.0.9+7-LTS-338, mixed mode, sharing, tiered, compressed oops, compressed class ptrs, g1 gc, windows-amd64)
GC Precious Log:
 CardTable entry size: 512
 Card Set container configuration: InlinePtr #cards 4 size 8 Array Of Cards #cards 16 size 48 Howl #buckets 8 coarsen threshold 3686 Howl Bitmap #cards 512 size 80 coarsen threshold 460 Card regions per heap region 1 cards per card region 4096
 CPUs: 16 total, 16 available
 Memory: 15711M
 Large Page Support: Disabled
 NUMA Support: Disabled
 Compressed Oops: Enabled (Zero based)
 Heap Region Size: 2M
 Heap Min Capacity: 8M
 Heap Initial Capacity: 246M
 Heap Max Capacity: 3928M
 Pre-touch: Disabled
 Parallel Workers: 13
 Concurrent Workers: 3
 Concurrent Refinement Workers: 13
 Periodic GC: Disabled
Heap:
 garbage-first heap   total 325632K, used 262839K [0x000000070a800000, 0x0000000800000000)
  region size 2048K, 84 young (172032K), 3 survivors (6144K)
 Metaspace       used 53433K, committed 54208K, reserved 1114112K
  class space    used 5777K, committed 6144K, reserved 1048576K
GC Heap History (20 events):
Event: 106.742 GC heap before
{Heap before GC invocations=36 (full 0):
 garbage-first heap   total 229376K, used 192942K [0x000000070a800000, 0x0000000800000000)
  region size 2048K, 30 young (61440K), 5 survivors (10240K)
 Metaspace       used 44082K, committed 44736K, reserved 1114112K
  class space    used 4754K, committed 5056K, reserved 1048576K
}
Event: 106.793 GC heap after
{Heap after GC invocations=37 (full 0):
 garbage-first heap   total 229376K, used 137030K [0x000000070a800000, 0x0000000800000000)
  region size 2048K, 2 young (4096K), 2 survivors (4096K)
 Metaspace       used 44082K, committed 44736K, reserved 1114112K
  class space    used 4754K, committed 5056K, reserved 1048576K
}
Event: 108.378 GC heap before
{Heap before GC invocations=37 (full 0):
 garbage-first heap   total 229376K, used 192326K [0x000000070a800000, 0x0000000800000000)
  region size 2048K, 29 young (59392K), 2 survivors (4096K)
 Metaspace       used 44192K, committed 44864K, reserved 1114112K
  class space    used 4764K, committed 5056K, reserved 1048576K
}
Event: 108.391 GC heap after
{Heap after GC invocations=38 (full 0):
 garbage-first heap   total 229376K, used 137608K [0x000000070a800000, 0x0000000800000000)
  region size 2048K, 3 young (6144K), 3 survivors (6144K)
 Metaspace       used 44192K, committed 44864K, reserved 1114112K
  class space    used 4764K, committed 5056K, reserved 1048576K
}
Event: 110.740 GC heap before
{Heap before GC invocations=39 (full 0):
 garbage-first heap   total 229376K, used 188808K [0x000000070a800000, 0x0000000800000000)
  region size 2048K, 31 young (63488K), 3 survivors (6144K)
 Metaspace       used 44318K, committed 44992K, reserved 1114112K
  class space    used 4772K, committed 5056K, reserved 1048576K
}
Event: 110.755 GC heap after
{Heap after GC invocations=40 (full 0):
 garbage-first heap   total 229376K, used 134601K [0x000000070a800000, 0x0000000800000000)
  region size 2048K, 4 young (8192K), 4 survivors (8192K)
 Metaspace       used 44318K, committed 44992K, reserved 1114112K
  class space    used 4772K, committed 5056K, reserved 1048576K
}
Event: 113.616 GC heap before
{Heap before GC invocations=40 (full 0):
 garbage-first heap   total 229376K, used 198089K [0x000000070a800000, 0x0000000800000000)
  region size 2048K, 35 young (71680K), 4 survivors (8192K)
 Metaspace       used 44407K, committed 45056K, reserved 1114112K
  class space    used 4775K, committed 5056K, reserved 1048576K
}
Event: 113.653 GC heap after
{Heap after GC invocations=41 (full 0):
 garbage-first heap   total 229376K, used 114675K [0x000000070a800000, 0x0000000800000000)
  region size 2048K, 4 young (8192K), 4 survivors (8192K)
 Metaspace       used 44407K, committed 45056K, reserved 1114112K
  class space    used 4775K, committed 5056K, reserved 1048576K
}
Event: 220.895 GC heap before
{Heap before GC invocations=41 (full 0):
 garbage-first heap   total 229376K, used 190451K [0x000000070a800000, 0x0000000800000000)
  region size 2048K, 41 young (83968K), 4 survivors (8192K)
 Metaspace       used 47778K, committed 48448K, reserved 1114112K
  class space    used 5115K, committed 5376K, reserved 1048576K
}
Event: 221.190 GC heap after
{Heap after GC invocations=42 (full 0):
 garbage-first heap   total 229376K, used 109246K [0x000000070a800000, 0x0000000800000000)
  region size 2048K, 5 young (10240K), 5 survivors (10240K)
 Metaspace       used 47778K, committed 48448K, reserved 1114112K
  class space    used 5115K, committed 5376K, reserved 1048576K
}
Event: 242.365 GC heap before
{Heap before GC invocations=42 (full 0):
 garbage-first heap   total 229376K, used 191166K [0x000000070a800000, 0x0000000800000000)
  region size 2048K, 46 young (94208K), 5 survivors (10240K)
 Metaspace       used 47820K, committed 48448K, reserved 1114112K
  class space    used 5115K, committed 5376K, reserved 1048576K
}
Event: 242.494 GC heap after
{Heap after GC invocations=43 (full 0):
 garbage-first heap   total 229376K, used 109606K [0x000000070a800000, 0x0000000800000000)
  region size 2048K, 3 young (6144K), 3 survivors (6144K)
 Metaspace       used 47820K, committed 48448K, reserved 1114112K
  class space    used 5115K, committed 5376K, reserved 1048576K
}
Event: 288.615 GC heap before
{Heap before GC invocations=43 (full 0):
 garbage-first heap   total 229376K, used 193574K [0x000000070a800000, 0x0000000800000000)
  region size 2048K, 45 young (92160K), 3 survivors (6144K)
 Metaspace       used 48495K, committed 49216K, reserved 1114112K
  class space    used 5193K, committed 5504K, reserved 1048576K
}
Event: 288.648 GC heap after
{Heap after GC invocations=44 (full 0):
 garbage-first heap   total 229376K, used 112401K [0x000000070a800000, 0x0000000800000000)
  region size 2048K, 4 young (8192K), 4 survivors (8192K)
 Metaspace       used 48495K, committed 49216K, reserved 1114112K
  class space    used 5193K, committed 5504K, reserved 1048576K
}
Event: 291.410 GC heap before
{Heap before GC invocations=44 (full 0):
 garbage-first heap   total 229376K, used 198417K [0x000000070a800000, 0x0000000800000000)
  region size 2048K, 46 young (94208K), 4 survivors (8192K)
 Metaspace       used 49391K, committed 50048K, reserved 1114112K
  class space    used 5268K, committed 5568K, reserved 1048576K
}
Event: 291.452 GC heap after
{Heap after GC invocations=45 (full 0):
 garbage-first heap   total 229376K, used 113809K [0x000000070a800000, 0x0000000800000000)
  region size 2048K, 4 young (8192K), 4 survivors (8192K)
 Metaspace       used 49391K, committed 50048K, reserved 1114112K
  class space    used 5268K, committed 5568K, reserved 1048576K
}
Event: 294.497 GC heap before
{Heap before GC invocations=46 (full 0):
 garbage-first heap   total 270336K, used 203921K [0x000000070a800000, 0x0000000800000000)
  region size 2048K, 48 young (98304K), 4 survivors (8192K)
 Metaspace       used 49544K, committed 50240K, reserved 1114112K
  class space    used 5268K, committed 5568K, reserved 1048576K
}
Event: 294.554 GC heap after
{Heap after GC invocations=47 (full 0):
 garbage-first heap   total 270336K, used 114422K [0x000000070a800000, 0x0000000800000000)
  region size 2048K, 3 young (6144K), 3 survivors (6144K)
 Metaspace       used 49544K, committed 50240K, reserved 1114112K
  class space    used 5268K, committed 5568K, reserved 1048576K
}
Event: 294.939 GC heap before
{Heap before GC invocations=47 (full 0):
 garbage-first heap   total 270336K, used 239350K [0x000000070a800000, 0x0000000800000000)
  region size 2048K, 64 young (131072K), 3 survivors (6144K)
 Metaspace       used 49567K, committed 50240K, reserved 1114112K
  class space    used 5269K, committed 5568K, reserved 1048576K
}
Event: 294.961 GC heap after
{Heap after GC invocations=48 (full 0):
 garbage-first heap   total 325632K, used 101047K [0x000000070a800000, 0x0000000800000000)
  region size 2048K, 3 young (6144K), 3 survivors (6144K)
 Metaspace       used 49567K, committed 50240K, reserved 1114112K
  class space    used 5269K, committed 5568K, reserved 1048576K
}

