# JRE version: Java(TM) SE Runtime Environment (21.0.9+7) (build 21.0.9+7-LTS-338)
# Java VM: Java HotSpot(TM) 64-Bit Server VM (21.0.9+7-LTS-338, mixed mode, emulated-client, sharing, tiered, compressed oops, compressed class ptrs, g1 gc, windows-amd64)
GC Precious Log:
 CardTable entry size: 512
 Card Set container configuration: InlinePtr #cards 4 size 8 Array Of Cards #cards 16 size 48 Howl #buckets 8 coarsen threshold 3686 Howl Bitmap #cards 512 size 80 coarsen threshold 460 Card regions per heap region 1 cards per card region 4096
 CPUs: 16 total, 16 available
 Memory: 15711M
 Large Page Support: Disabled
 NUMA Support: Disabled
 Compressed Oops: Enabled (Zero based)
 Heap Region Size: 2M
 Heap Min Capacity: 8M
 Heap Initial Capacity: 246M
 Heap Max Capacity: 3928M
 Pre-touch: Disabled
 Parallel Workers: 13
 Concurrent Workers: 3
 Concurrent Refinement Workers: 13
 Periodic GC: Disabled
Heap:
 garbage-first heap   total 178176K, used 141275K [0x000000070a800000, 0x0000000800000000)
  region size 2048K, 39 young (79872K), 4 survivors (8192K)
 Metaspace       used 117185K, committed 118336K, reserved 1179648K
  class space    used 16418K, committed 16960K, reserved 1048576K
GC Heap History (20 events):
Event: 7172.065 GC heap after
{Heap after GC invocations=73 (full 1):
 garbage-first heap   total 178176K, used 55359K [0x000000070a800000, 0x0000000800000000)
  region size 2048K, 5 young (10240K), 5 survivors (10240K)
 Metaspace       used 107928K, committed 109632K, reserved 1179648K
  class space    used 15365K, committed 16064K, reserved 1048576K
}
Event: 7176.459 GC heap before
{Heap before GC invocations=74 (full 1):
 garbage-first heap   total 178176K, used 122943K [0x000000070a800000, 0x0000000800000000)
  region size 2048K, 39 young (79872K), 5 survivors (10240K)
 Metaspace       used 108477K, committed 109696K, reserved 1179648K
  class space    used 15472K, committed 16064K, reserved 1048576K
}
Event: 7176.573 GC heap after
{Heap after GC invocations=75 (full 2):
 garbage-first heap   total 178176K, used 47940K [0x000000070a800000, 0x0000000800000000)
  region size 2048K, 0 young (0K), 0 survivors (0K)
 Metaspace       used 108210K, committed 109696K, reserved 1179648K
  class space    used 15411K, committed 16064K, reserved 1048576K
}
Event: 7181.581 GC heap before
{Heap before GC invocations=75 (full 2):
 garbage-first heap   total 178176K, used 144196K [0x000000070a800000, 0x0000000800000000)
  region size 2048K, 48 young (98304K), 0 survivors (0K)
 Metaspace       used 108329K, committed 109696K, reserved 1179648K
  class space    used 15426K, committed 16064K, reserved 1048576K
}
Event: 7181.593 GC heap after
{Heap after GC invocations=76 (full 2):
 garbage-first heap   total 178176K, used 56670K [0x000000070a800000, 0x0000000800000000)
  region size 2048K, 5 young (10240K), 5 survivors (10240K)
 Metaspace       used 108329K, committed 109696K, reserved 1179648K
  class space    used 15426K, committed 16064K, reserved 1048576K
}
Event: 7186.205 GC heap before
{Heap before GC invocations=77 (full 2):
 garbage-first heap   total 178176K, used 114014K [0x000000070a800000, 0x0000000800000000)
  region size 2048K, 34 young (69632K), 5 survivors (10240K)
 Metaspace       used 108434K, committed 109760K, reserved 1179648K
  class space    used 15433K, committed 16064K, reserved 1048576K
}
Event: 7186.408 GC heap after
{Heap after GC invocations=78 (full 3):
 garbage-first heap   total 178176K, used 53073K [0x000000070a800000, 0x0000000800000000)
  region size 2048K, 0 young (0K), 0 survivors (0K)
 Metaspace       used 108434K, committed 109760K, reserved 1179648K
  class space    used 15433K, committed 16064K, reserved 1048576K
}
Event: 7193.782 GC heap before
{Heap before GC invocations=78 (full 3):
 garbage-first heap   total 178176K, used 147281K [0x000000070a800000, 0x0000000800000000)
  region size 2048K, 46 young (94208K), 0 survivors (0K)
 Metaspace       used 109185K, committed 110208K, reserved 1179648K
  class space    used 15524K, committed 16064K, reserved 1048576K
}
Event: 7193.792 GC heap after
{Heap after GC invocations=79 (full 3):
 garbage-first heap   total 178176K, used 61688K [0x000000070a800000, 0x0000000800000000)
  region size 2048K, 5 young (10240K), 5 survivors (10240K)
 Metaspace       used 109185K, committed 110208K, reserved 1179648K
  class space    used 15524K, committed 16064K, reserved 1048576K
}
Event: 7198.311 GC heap before
{Heap before GC invocations=80 (full 3):
 garbage-first heap   total 178176K, used 143608K [0x000000070a800000, 0x0000000800000000)
  region size 2048K, 46 young (94208K), 5 survivors (10240K)
 Metaspace       used 109639K, committed 110592K, reserved 1179648K
  class space    used 15585K, committed 16064K, reserved 1048576K
}
Event: 7198.370 GC heap after
{Heap after GC invocations=81 (full 3):
 garbage-first heap   total 178176K, used 66401K [0x000000070a800000, 0x0000000800000000)
  region size 2048K, 3 young (6144K), 3 survivors (6144K)
 Metaspace       used 109639K, committed 110592K, reserved 1179648K
  class space    used 15585K, committed 16064K, reserved 1048576K
}
Event: 7200.578 GC heap before
{Heap before GC invocations=82 (full 3):
 garbage-first heap   total 178176K, used 150369K [0x000000070a800000, 0x0000000800000000)
  region size 2048K, 44 young (90112K), 3 survivors (6144K)
 Metaspace       used 111629K, committed 112704K, reserved 1179648K
  class space    used 15734K, committed 16256K, reserved 1048576K
}
Event: 7200.586 GC heap after
{Heap after GC invocations=83 (full 3):
 garbage-first heap   total 178176K, used 71406K [0x000000070a800000, 0x0000000800000000)
  region size 2048K, 5 young (10240K), 5 survivors (10240K)
 Metaspace       used 111629K, committed 112704K, reserved 1179648K
  class space    used 15734K, committed 16256K, reserved 1048576K
}
Event: 7202.801 GC heap before
{Heap before GC invocations=83 (full 3):
 garbage-first heap   total 178176K, used 149230K [0x000000070a800000, 0x0000000800000000)
  region size 2048K, 43 young (88064K), 5 survivors (10240K)
 Metaspace       used 111680K, committed 112704K, reserved 1179648K
  class space    used 15742K, committed 16256K, reserved 1048576K
}
Event: 7202.838 GC heap after
{Heap after GC invocations=84 (full 3):
 garbage-first heap   total 178176K, used 75364K [0x000000070a800000, 0x0000000800000000)
  region size 2048K, 5 young (10240K), 5 survivors (10240K)
 Metaspace       used 111680K, committed 112704K, reserved 1179648K
  class space    used 15742K, committed 16256K, reserved 1048576K
}
Event: 7211.343 GC heap before
{Heap before GC invocations=84 (full 3):
 garbage-first heap   total 178176K, used 97892K [0x000000070a800000, 0x0000000800000000)
  region size 2048K, 17 young (34816K), 5 survivors (10240K)
 Metaspace       used 111721K, committed 112768K, reserved 1179648K
  class space    used 15748K, committed 16256K, reserved 1048576K
}
Event: 7211.460 GC heap after
{Heap after GC invocations=85 (full 4):
 garbage-first heap   total 178176K, used 64406K [0x000000070a800000, 0x0000000800000000)
  region size 2048K, 0 young (0K), 0 survivors (0K)
 Metaspace       used 111583K, committed 112768K, reserved 1179648K
  class space    used 15726K, committed 16256K, reserved 1048576K
}
Event: 7216.484 GC heap before
{Heap before GC invocations=85 (full 4):
 garbage-first heap   total 178176K, used 152470K [0x000000070a800000, 0x0000000800000000)
  region size 2048K, 43 young (88064K), 0 survivors (0K)
 Metaspace       used 114950K, committed 116032K, reserved 1179648K
  class space    used 16113K, committed 16640K, reserved 1048576K
}
Event: 7216.489 GC heap after
{Heap after GC invocations=86 (full 4):
 garbage-first heap   total 178176K, used 71643K [0x000000070a800000, 0x0000000800000000)
  region size 2048K, 4 young (8192K), 4 survivors (8192K)
 Metaspace       used 114950K, committed 116032K, reserved 1179648K
  class space    used 16113K, committed 16640K, reserved 1048576K
}
Event: 7225.618 GC heap before
{Heap before GC invocations=87 (full 4):
 garbage-first heap   total 178176K, used 141275K [0x000000070a800000, 0x0000000800000000)
  region size 2048K, 39 young (79872K), 4 survivors (8192K)
 Metaspace       used 117185K, committed 118336K, reserved 1179648K
  class space    used 16418K, committed 16960K, reserved 1048576K
}

